{"/Users/peytonhollenback/GitHub/Pi-Piper/backend/src/auth/auth.controller.ts": {"path":"/Users/peytonhollenback/GitHub/Pi-Piper/backend/src/auth/auth.controller.ts","statementMap":{"0":{"start":{"line":2,"column":0},"end":{"line":2,"column":51}},"1":{"start":{"line":3,"column":0},"end":{"line":3,"column":28}},"2":{"start":{"line":4,"column":0},"end":{"line":4,"column":58}},"3":{"start":{"line":19,"column":21},"end":{"line":57,"column":2}},"4":{"start":{"line":19,"column":74},"end":{"line":57,"column":2}},"5":{"start":{"line":20,"column":2},"end":{"line":56,"column":3}},"6":{"start":{"line":21,"column":35},"end":{"line":21,"column":43}},"7":{"start":{"line":24,"column":4},"end":{"line":27,"column":5}},"8":{"start":{"line":25,"column":6},"end":{"line":25,"column":78}},"9":{"start":{"line":26,"column":6},"end":{"line":26,"column":13}},"10":{"start":{"line":29,"column":19},"end":{"line":31,"column":null}},"11":{"start":{"line":34,"column":4},"end":{"line":37,"column":5}},"12":{"start":{"line":35,"column":6},"end":{"line":35,"column":63}},"13":{"start":{"line":36,"column":6},"end":{"line":36,"column":13}},"14":{"start":{"line":39,"column":28},"end":{"line":39,"column":73}},"15":{"start":{"line":40,"column":4},"end":{"line":43,"column":5}},"16":{"start":{"line":41,"column":6},"end":{"line":41,"column":63}},"17":{"start":{"line":42,"column":6},"end":{"line":42,"column":13}},"18":{"start":{"line":45,"column":4},"end":{"line":51,"column":7}},"19":{"start":{"line":54,"column":4},"end":{"line":54,"column":63}},"20":{"start":{"line":55,"column":4},"end":{"line":55,"column":54}},"21":{"start":{"line":19,"column":13},"end":{"line":19,"column":21}}},"fnMap":{"0":{"name":"(anonymous_8)","decl":{"start":{"line":19,"column":21},"end":{"line":19,"column":28}},"loc":{"start":{"line":19,"column":74},"end":{"line":57,"column":2}}},"1":{"name":"(anonymous_9)","decl":{"start":{"line":19,"column":74},"end":{"line":19,"column":null}},"loc":{"start":{"line":19,"column":74},"end":{"line":57,"column":1}}}},"branchMap":{"0":{"loc":{"start":{"line":24,"column":4},"end":{"line":27,"column":5}},"type":"if","locations":[{"start":{"line":24,"column":4},"end":{"line":27,"column":5}}]},"1":{"loc":{"start":{"line":24,"column":8},"end":{"line":24,"column":30}},"type":"binary-expr","locations":[{"start":{"line":24,"column":8},"end":{"line":24,"column":17}},{"start":{"line":24,"column":21},"end":{"line":24,"column":30}}]},"2":{"loc":{"start":{"line":34,"column":4},"end":{"line":37,"column":5}},"type":"if","locations":[{"start":{"line":34,"column":4},"end":{"line":37,"column":5}}]},"3":{"loc":{"start":{"line":40,"column":4},"end":{"line":43,"column":5}},"type":"if","locations":[{"start":{"line":40,"column":4},"end":{"line":43,"column":5}}]}},"s":{"0":1,"1":1,"2":1,"3":1,"4":3,"5":3,"6":3,"7":3,"8":1,"9":1,"10":2,"11":2,"12":1,"13":1,"14":1,"15":1,"16":0,"17":0,"18":1,"19":0,"20":0,"21":1},"f":{"0":3,"1":3},"b":{"0":[1],"1":[3,2],"2":[1],"3":[0]}}
,"/Users/peytonhollenback/GitHub/Pi-Piper/backend/src/auth/auth.routes.ts": {"path":"/Users/peytonhollenback/GitHub/Pi-Piper/backend/src/auth/auth.routes.ts","statementMap":{"0":{"start":{"line":1,"column":0},"end":{"line":1,"column":63}},"1":{"start":{"line":2,"column":0},"end":{"line":2,"column":42}},"2":{"start":{"line":3,"column":0},"end":{"line":3,"column":85}},"3":{"start":{"line":4,"column":0},"end":{"line":4,"column":57}},"4":{"start":{"line":7,"column":15},"end":{"line":7,"column":23}},"5":{"start":{"line":9,"column":0},"end":{"line":9,"column":31}},"6":{"start":{"line":10,"column":0},"end":{"line":10,"column":26}},"7":{"start":{"line":12,"column":0},"end":{"line":12,"column":47}},"8":{"start":{"line":14,"column":0},"end":{"line":16,"column":3}},"9":{"start":{"line":15,"column":2},"end":{"line":15,"column":61}},"10":{"start":{"line":18,"column":0},"end":{"line":18,"column":22}}},"fnMap":{"0":{"name":"(anonymous_0)","decl":{"start":{"line":14,"column":54},"end":{"line":14,"column":55}},"loc":{"start":{"line":14,"column":86},"end":{"line":16,"column":1}}}},"branchMap":{},"s":{"0":1,"1":1,"2":1,"3":1,"4":1,"5":1,"6":1,"7":1,"8":1,"9":0,"10":1},"f":{"0":0},"b":{}}
,"/Users/peytonhollenback/GitHub/Pi-Piper/backend/src/categories/category.routes.ts": {"path":"/Users/peytonhollenback/GitHub/Pi-Piper/backend/src/categories/category.routes.ts","statementMap":{"0":{"start":{"line":1,"column":0},"end":{"line":1,"column":33}},"1":{"start":{"line":2,"column":0},"end":{"line":2,"column":55}},"2":{"start":{"line":3,"column":0},"end":{"line":3,"column":85}},"3":{"start":{"line":5,"column":15},"end":{"line":5,"column":23}},"4":{"start":{"line":7,"column":0},"end":{"line":7,"column":31}},"5":{"start":{"line":8,"column":0},"end":{"line":8,"column":26}},"6":{"start":{"line":11,"column":0},"end":{"line":12,"column":30}},"7":{"start":{"line":14,"column":0},"end":{"line":14,"column":22}}},"fnMap":{},"branchMap":{},"s":{"0":1,"1":1,"2":1,"3":1,"4":1,"5":1,"6":1,"7":1},"f":{},"b":{}}
,"/Users/peytonhollenback/GitHub/Pi-Piper/backend/src/departments/department.routes.ts": {"path":"/Users/peytonhollenback/GitHub/Pi-Piper/backend/src/departments/department.routes.ts","statementMap":{"0":{"start":{"line":1,"column":0},"end":{"line":1,"column":33}},"1":{"start":{"line":2,"column":0},"end":{"line":2,"column":75}},"2":{"start":{"line":3,"column":0},"end":{"line":3,"column":85}},"3":{"start":{"line":5,"column":15},"end":{"line":5,"column":23}},"4":{"start":{"line":8,"column":0},"end":{"line":8,"column":31}},"5":{"start":{"line":9,"column":0},"end":{"line":9,"column":26}},"6":{"start":{"line":12,"column":0},"end":{"line":12,"column":46}},"7":{"start":{"line":13,"column":0},"end":{"line":13,"column":52}},"8":{"start":{"line":15,"column":0},"end":{"line":15,"column":22}}},"fnMap":{},"branchMap":{},"s":{"0":1,"1":1,"2":1,"3":1,"4":1,"5":1,"6":1,"7":1,"8":1},"f":{},"b":{}}
,"/Users/peytonhollenback/GitHub/Pi-Piper/backend/src/groups/group.controller.ts": {"path":"/Users/peytonhollenback/GitHub/Pi-Piper/backend/src/groups/group.controller.ts","statementMap":{"0":{"start":{"line":2,"column":0},"end":{"line":2,"column":40}},"1":{"start":{"line":3,"column":0},"end":{"line":3,"column":58}},"2":{"start":{"line":5,"column":0},"end":{"line":5,"column":48}},"3":{"start":{"line":7,"column":27},"end":{"line":44,"column":2}},"4":{"start":{"line":7,"column":80},"end":{"line":44,"column":2}},"5":{"start":{"line":8,"column":2},"end":{"line":8,"column":76}},"6":{"start":{"line":10,"column":2},"end":{"line":43,"column":3}},"7":{"start":{"line":11,"column":43},"end":{"line":11,"column":51}},"8":{"start":{"line":13,"column":4},"end":{"line":19,"column":5}},"9":{"start":{"line":14,"column":6},"end":{"line":14,"column":92}},"10":{"start":{"line":15,"column":6},"end":{"line":17,"column":9}},"11":{"start":{"line":18,"column":6},"end":{"line":18,"column":13}},"12":{"start":{"line":21,"column":20},"end":{"line":27,"column":null}},"13":{"start":{"line":24,"column":33},"end":{"line":27,"column":8}},"14":{"start":{"line":30,"column":4},"end":{"line":30,"column":73}},"15":{"start":{"line":31,"column":4},"end":{"line":31,"column":48}},"16":{"start":{"line":33,"column":16},"end":{"line":33,"column":30}},"17":{"start":{"line":34,"column":4},"end":{"line":38,"column":7}},"18":{"start":{"line":39,"column":4},"end":{"line":42,"column":7}},"19":{"start":{"line":7,"column":13},"end":{"line":7,"column":27}},"20":{"start":{"line":46,"column":25},"end":{"line":53,"column":2}},"21":{"start":{"line":46,"column":78},"end":{"line":53,"column":2}},"22":{"start":{"line":47,"column":2},"end":{"line":52,"column":3}},"23":{"start":{"line":48,"column":19},"end":{"line":48,"column":72}},"24":{"start":{"line":49,"column":4},"end":{"line":49,"column":33}},"25":{"start":{"line":51,"column":4},"end":{"line":51,"column":62}},"26":{"start":{"line":46,"column":13},"end":{"line":46,"column":25}}},"fnMap":{"0":{"name":"(anonymous_16)","decl":{"start":{"line":7,"column":27},"end":{"line":7,"column":34}},"loc":{"start":{"line":7,"column":80},"end":{"line":44,"column":2}}},"1":{"name":"(anonymous_17)","decl":{"start":{"line":7,"column":80},"end":{"line":7,"column":null}},"loc":{"start":{"line":7,"column":80},"end":{"line":44,"column":1}}},"2":{"name":"(anonymous_18)","decl":{"start":{"line":24,"column":16},"end":{"line":24,"column":17}},"loc":{"start":{"line":24,"column":33},"end":{"line":27,"column":8}}},"3":{"name":"(anonymous_19)","decl":{"start":{"line":46,"column":25},"end":{"line":46,"column":32}},"loc":{"start":{"line":46,"column":78},"end":{"line":53,"column":2}}},"4":{"name":"(anonymous_20)","decl":{"start":{"line":46,"column":78},"end":{"line":46,"column":null}},"loc":{"start":{"line":46,"column":78},"end":{"line":53,"column":1}}}},"branchMap":{"0":{"loc":{"start":{"line":13,"column":4},"end":{"line":19,"column":5}},"type":"if","locations":[{"start":{"line":13,"column":4},"end":{"line":19,"column":5}}]},"1":{"loc":{"start":{"line":13,"column":8},"end":{"line":13,"column":51}},"type":"binary-expr","locations":[{"start":{"line":13,"column":8},"end":{"line":13,"column":13}},{"start":{"line":13,"column":17},"end":{"line":13,"column":31}},{"start":{"line":13,"column":35},"end":{"line":13,"column":51}}]},"2":{"loc":{"start":{"line":13,"column":36},"end":{"line":13,"column":49}},"type":"cond-expr","locations":[{"start":{"line":13,"column":41},"end":{"line":13,"column":43}},{"start":{"line":13,"column":36},"end":{"line":13,"column":49}}]},"3":{"loc":{"start":{"line":13,"column":36},"end":{"line":13,"column":43}},"type":"binary-expr","locations":[{"start":{"line":13,"column":36},"end":{"line":13,"column":43}},{"start":{"line":13,"column":36},"end":{"line":13,"column":43}}]},"4":{"loc":{"start":{"line":25,"column":22},"end":{"line":25,"column":47}},"type":"binary-expr","locations":[{"start":{"line":25,"column":22},"end":{"line":25,"column":39}},{"start":{"line":25,"column":43},"end":{"line":25,"column":47}}]},"5":{"loc":{"start":{"line":26,"column":23},"end":{"line":26,"column":49}},"type":"binary-expr","locations":[{"start":{"line":26,"column":23},"end":{"line":26,"column":41}},{"start":{"line":26,"column":45},"end":{"line":26,"column":49}}]}},"s":{"0":1,"1":1,"2":1,"3":1,"4":0,"5":0,"6":0,"7":0,"8":0,"9":0,"10":0,"11":0,"12":0,"13":0,"14":0,"15":0,"16":0,"17":0,"18":0,"19":1,"20":1,"21":2,"22":2,"23":2,"24":1,"25":1,"26":1},"f":{"0":0,"1":0,"2":0,"3":2,"4":2},"b":{"0":[0],"1":[0,0,0],"2":[0,0],"3":[0,0],"4":[0,0],"5":[0,0]}}
,"/Users/peytonhollenback/GitHub/Pi-Piper/backend/src/groups/group.dal.ts": {"path":"/Users/peytonhollenback/GitHub/Pi-Piper/backend/src/groups/group.dal.ts","statementMap":{"0":{"start":{"line":1,"column":0},"end":{"line":1,"column":51}},"1":{"start":{"line":3,"column":0},"end":{"line":3,"column":48}},"2":{"start":{"line":5,"column":27},"end":{"line":33,"column":2}},"3":{"start":{"line":9,"column":21},"end":{"line":33,"column":2}},"4":{"start":{"line":11,"column":17},"end":{"line":13,"column":null}},"5":{"start":{"line":16,"column":18},"end":{"line":16,"column":33}},"6":{"start":{"line":19,"column":2},"end":{"line":30,"column":3}},"7":{"start":{"line":20,"column":4},"end":{"line":29,"column":5}},"8":{"start":{"line":21,"column":6},"end":{"line":28,"column":8}},"9":{"start":{"line":32,"column":2},"end":{"line":32,"column":17}},"10":{"start":{"line":5,"column":13},"end":{"line":5,"column":27}},"11":{"start":{"line":35,"column":25},"end":{"line":40,"column":2}},"12":{"start":{"line":35,"column":74},"end":{"line":40,"column":2}},"13":{"start":{"line":36,"column":2},"end":{"line":39,"column":4}},"14":{"start":{"line":35,"column":13},"end":{"line":35,"column":25}}},"fnMap":{"0":{"name":"(anonymous_7)","decl":{"start":{"line":5,"column":27},"end":{"line":5,"column":null}},"loc":{"start":{"line":9,"column":21},"end":{"line":33,"column":2}}},"1":{"name":"(anonymous_8)","decl":{"start":{"line":9,"column":21},"end":{"line":9,"column":null}},"loc":{"start":{"line":9,"column":21},"end":{"line":33,"column":1}}},"2":{"name":"(anonymous_9)","decl":{"start":{"line":35,"column":25},"end":{"line":35,"column":32}},"loc":{"start":{"line":35,"column":74},"end":{"line":40,"column":2}}},"3":{"name":"(anonymous_10)","decl":{"start":{"line":35,"column":74},"end":{"line":35,"column":null}},"loc":{"start":{"line":35,"column":74},"end":{"line":40,"column":1}}}},"branchMap":{"0":{"loc":{"start":{"line":19,"column":2},"end":{"line":30,"column":3}},"type":"if","locations":[{"start":{"line":19,"column":2},"end":{"line":30,"column":3}}]},"1":{"loc":{"start":{"line":25,"column":10},"end":{"line":25,"column":68}},"type":"cond-expr","locations":[{"start":{"line":25,"column":39},"end":{"line":25,"column":48}},{"start":{"line":25,"column":51},"end":{"line":25,"column":68}}]},"2":{"loc":{"start":{"line":26,"column":10},"end":{"line":26,"column":70}},"type":"cond-expr","locations":[{"start":{"line":26,"column":40},"end":{"line":26,"column":49}},{"start":{"line":26,"column":52},"end":{"line":26,"column":70}}]}},"s":{"0":1,"1":1,"2":1,"3":0,"4":0,"5":0,"6":0,"7":0,"8":0,"9":0,"10":1,"11":1,"12":0,"13":0,"14":1},"f":{"0":0,"1":0,"2":0,"3":0},"b":{"0":[0],"1":[0,0],"2":[0,0]}}
,"/Users/peytonhollenback/GitHub/Pi-Piper/backend/src/groups/group.queries.ts": {"path":"/Users/peytonhollenback/GitHub/Pi-Piper/backend/src/groups/group.queries.ts","statementMap":{"0":{"start":{"line":1,"column":13},"end":{"line":41,"column":2}}},"fnMap":{},"branchMap":{},"s":{"0":1},"f":{},"b":{}}
,"/Users/peytonhollenback/GitHub/Pi-Piper/backend/src/groups/group.routes.ts": {"path":"/Users/peytonhollenback/GitHub/Pi-Piper/backend/src/groups/group.routes.ts","statementMap":{"0":{"start":{"line":1,"column":0},"end":{"line":1,"column":30}},"1":{"start":{"line":2,"column":0},"end":{"line":2,"column":60}},"2":{"start":{"line":4,"column":0},"end":{"line":4,"column":85}},"3":{"start":{"line":6,"column":15},"end":{"line":6,"column":31}},"4":{"start":{"line":8,"column":0},"end":{"line":8,"column":31}},"5":{"start":{"line":9,"column":0},"end":{"line":9,"column":26}},"6":{"start":{"line":11,"column":0},"end":{"line":11,"column":43}},"7":{"start":{"line":12,"column":0},"end":{"line":12,"column":40}},"8":{"start":{"line":14,"column":0},"end":{"line":14,"column":22}}},"fnMap":{},"branchMap":{},"s":{"0":1,"1":1,"2":1,"3":1,"4":1,"5":1,"6":1,"7":1,"8":1},"f":{},"b":{}}
,"/Users/peytonhollenback/GitHub/Pi-Piper/backend/src/ingredients/ingredient.model.ts": {"path":"/Users/peytonhollenback/GitHub/Pi-Piper/backend/src/ingredients/ingredient.model.ts","statementMap":{"0":{"start":{"line":20,"column":19},"end":{"line":20,"column":47}},"1":{"start":{"line":22,"column":13},"end":{"line":40,"column":null}}},"fnMap":{},"branchMap":{},"s":{"0":1,"1":1},"f":{},"b":{}}
,"/Users/peytonhollenback/GitHub/Pi-Piper/backend/src/ingredients/ingredient.routes.ts": {"path":"/Users/peytonhollenback/GitHub/Pi-Piper/backend/src/ingredients/ingredient.routes.ts","statementMap":{"0":{"start":{"line":1,"column":0},"end":{"line":1,"column":33}},"1":{"start":{"line":2,"column":0},"end":{"line":2,"column":64}},"2":{"start":{"line":3,"column":0},"end":{"line":3,"column":54}},"3":{"start":{"line":4,"column":0},"end":{"line":4,"column":48}},"4":{"start":{"line":5,"column":0},"end":{"line":5,"column":85}},"5":{"start":{"line":6,"column":24},"end":{"line":6,"column":52}},"6":{"start":{"line":8,"column":15},"end":{"line":8,"column":23}},"7":{"start":{"line":11,"column":0},"end":{"line":11,"column":31}},"8":{"start":{"line":12,"column":0},"end":{"line":12,"column":26}},"9":{"start":{"line":15,"column":0},"end":{"line":19,"column":6}},"10":{"start":{"line":22,"column":0},"end":{"line":26,"column":null}},"11":{"start":{"line":29,"column":0},"end":{"line":33,"column":null}},"12":{"start":{"line":36,"column":0},"end":{"line":40,"column":null}},"13":{"start":{"line":43,"column":0},"end":{"line":48,"column":6}},"14":{"start":{"line":51,"column":0},"end":{"line":56,"column":6}},"15":{"start":{"line":59,"column":0},"end":{"line":63,"column":6}},"16":{"start":{"line":65,"column":0},"end":{"line":65,"column":22}}},"fnMap":{},"branchMap":{},"s":{"0":1,"1":1,"2":1,"3":1,"4":1,"5":1,"6":1,"7":1,"8":1,"9":1,"10":1,"11":1,"12":1,"13":1,"14":1,"15":1,"16":1},"f":{},"b":{}}
,"/Users/peytonhollenback/GitHub/Pi-Piper/backend/src/managers/manager.model.ts": {"path":"/Users/peytonhollenback/GitHub/Pi-Piper/backend/src/managers/manager.model.ts","statementMap":{"0":{"start":{"line":14,"column":13},"end":{"line":68,"column":2}}},"fnMap":{},"branchMap":{},"s":{"0":1},"f":{},"b":{}}
,"/Users/peytonhollenback/GitHub/Pi-Piper/backend/src/managers/managers.controller.ts": {"path":"/Users/peytonhollenback/GitHub/Pi-Piper/backend/src/managers/managers.controller.ts","statementMap":{"0":{"start":{"line":2,"column":0},"end":{"line":2,"column":41}},"1":{"start":{"line":3,"column":0},"end":{"line":3,"column":58}},"2":{"start":{"line":4,"column":29},"end":{"line":4,"column":57}},"3":{"start":{"line":7,"column":24},"end":{"line":19,"column":2}},"4":{"start":{"line":7,"column":62},"end":{"line":19,"column":2}},"5":{"start":{"line":8,"column":4},"end":{"line":8,"column":98}},"6":{"start":{"line":10,"column":4},"end":{"line":18,"column":5}},"7":{"start":{"line":11,"column":29},"end":{"line":11,"column":60}},"8":{"start":{"line":12,"column":22},"end":{"line":12,"column":58}},"9":{"start":{"line":13,"column":8},"end":{"line":13,"column":72}},"10":{"start":{"line":14,"column":8},"end":{"line":14,"column":36}},"11":{"start":{"line":16,"column":8},"end":{"line":16,"column":71}},"12":{"start":{"line":17,"column":8},"end":{"line":17,"column":70}},"13":{"start":{"line":7,"column":13},"end":{"line":7,"column":24}},"14":{"start":{"line":22,"column":26},"end":{"line":40,"column":2}},"15":{"start":{"line":22,"column":64},"end":{"line":40,"column":2}},"16":{"start":{"line":23,"column":4},"end":{"line":23,"column":57}},"17":{"start":{"line":25,"column":19},"end":{"line":25,"column":40}},"18":{"start":{"line":26,"column":4},"end":{"line":29,"column":5}},"19":{"start":{"line":27,"column":8},"end":{"line":27,"column":101}},"20":{"start":{"line":28,"column":8},"end":{"line":28,"column":64}},"21":{"start":{"line":31,"column":4},"end":{"line":39,"column":5}},"22":{"start":{"line":32,"column":25},"end":{"line":32,"column":33}},"23":{"start":{"line":33,"column":24},"end":{"line":33,"column":58}},"24":{"start":{"line":34,"column":8},"end":{"line":34,"column":76}},"25":{"start":{"line":35,"column":8},"end":{"line":35,"column":38}},"26":{"start":{"line":37,"column":8},"end":{"line":37,"column":73}},"27":{"start":{"line":38,"column":8},"end":{"line":38,"column":67}},"28":{"start":{"line":22,"column":13},"end":{"line":22,"column":26}},"29":{"start":{"line":43,"column":26},"end":{"line":67,"column":2}},"30":{"start":{"line":43,"column":64},"end":{"line":67,"column":2}},"31":{"start":{"line":44,"column":4},"end":{"line":44,"column":88}},"32":{"start":{"line":46,"column":19},"end":{"line":46,"column":40}},"33":{"start":{"line":47,"column":4},"end":{"line":50,"column":5}},"34":{"start":{"line":48,"column":8},"end":{"line":48,"column":101}},"35":{"start":{"line":49,"column":8},"end":{"line":49,"column":64}},"36":{"start":{"line":52,"column":4},"end":{"line":66,"column":5}},"37":{"start":{"line":53,"column":23},"end":{"line":53,"column":48}},"38":{"start":{"line":54,"column":25},"end":{"line":54,"column":33}},"39":{"start":{"line":55,"column":28},"end":{"line":55,"column":70}},"40":{"start":{"line":57,"column":8},"end":{"line":59,"column":9}},"41":{"start":{"line":58,"column":12},"end":{"line":58,"column":71}},"42":{"start":{"line":61,"column":8},"end":{"line":61,"column":80}},"43":{"start":{"line":62,"column":8},"end":{"line":62,"column":42}},"44":{"start":{"line":64,"column":8},"end":{"line":64,"column":73}},"45":{"start":{"line":65,"column":8},"end":{"line":65,"column":67}},"46":{"start":{"line":43,"column":13},"end":{"line":43,"column":26}},"47":{"start":{"line":70,"column":26},"end":{"line":87,"column":2}},"48":{"start":{"line":70,"column":64},"end":{"line":87,"column":2}},"49":{"start":{"line":71,"column":4},"end":{"line":71,"column":88}},"50":{"start":{"line":73,"column":4},"end":{"line":86,"column":5}},"51":{"start":{"line":74,"column":23},"end":{"line":74,"column":48}},"52":{"start":{"line":75,"column":23},"end":{"line":75,"column":55}},"53":{"start":{"line":77,"column":8},"end":{"line":79,"column":9}},"54":{"start":{"line":78,"column":12},"end":{"line":78,"column":71}},"55":{"start":{"line":81,"column":8},"end":{"line":81,"column":75}},"56":{"start":{"line":82,"column":8},"end":{"line":82,"column":71}},"57":{"start":{"line":84,"column":8},"end":{"line":84,"column":73}},"58":{"start":{"line":85,"column":8},"end":{"line":85,"column":67}},"59":{"start":{"line":70,"column":13},"end":{"line":70,"column":26}}},"fnMap":{"0":{"name":"(anonymous_16)","decl":{"start":{"line":7,"column":24},"end":{"line":7,"column":31}},"loc":{"start":{"line":7,"column":62},"end":{"line":19,"column":2}}},"1":{"name":"(anonymous_17)","decl":{"start":{"line":7,"column":62},"end":{"line":7,"column":null}},"loc":{"start":{"line":7,"column":62},"end":{"line":19,"column":1}}},"2":{"name":"(anonymous_18)","decl":{"start":{"line":22,"column":26},"end":{"line":22,"column":33}},"loc":{"start":{"line":22,"column":64},"end":{"line":40,"column":2}}},"3":{"name":"(anonymous_19)","decl":{"start":{"line":22,"column":64},"end":{"line":22,"column":null}},"loc":{"start":{"line":22,"column":64},"end":{"line":40,"column":1}}},"4":{"name":"(anonymous_20)","decl":{"start":{"line":43,"column":26},"end":{"line":43,"column":33}},"loc":{"start":{"line":43,"column":64},"end":{"line":67,"column":2}}},"5":{"name":"(anonymous_21)","decl":{"start":{"line":43,"column":64},"end":{"line":43,"column":null}},"loc":{"start":{"line":43,"column":64},"end":{"line":67,"column":1}}},"6":{"name":"(anonymous_22)","decl":{"start":{"line":70,"column":26},"end":{"line":70,"column":33}},"loc":{"start":{"line":70,"column":64},"end":{"line":87,"column":2}}},"7":{"name":"(anonymous_23)","decl":{"start":{"line":70,"column":64},"end":{"line":70,"column":null}},"loc":{"start":{"line":70,"column":64},"end":{"line":87,"column":1}}}},"branchMap":{"0":{"loc":{"start":{"line":26,"column":4},"end":{"line":29,"column":5}},"type":"if","locations":[{"start":{"line":26,"column":4},"end":{"line":29,"column":5}}]},"1":{"loc":{"start":{"line":47,"column":4},"end":{"line":50,"column":5}},"type":"if","locations":[{"start":{"line":47,"column":4},"end":{"line":50,"column":5}}]},"2":{"loc":{"start":{"line":57,"column":8},"end":{"line":59,"column":9}},"type":"if","locations":[{"start":{"line":57,"column":8},"end":{"line":59,"column":9}}]},"3":{"loc":{"start":{"line":77,"column":8},"end":{"line":79,"column":9}},"type":"if","locations":[{"start":{"line":77,"column":8},"end":{"line":79,"column":9}}]}},"s":{"0":1,"1":1,"2":1,"3":1,"4":2,"5":2,"6":2,"7":2,"8":2,"9":1,"10":1,"11":1,"12":1,"13":1,"14":1,"15":3,"16":3,"17":3,"18":3,"19":1,"20":1,"21":2,"22":2,"23":2,"24":1,"25":1,"26":1,"27":1,"28":1,"29":1,"30":4,"31":4,"32":4,"33":4,"34":1,"35":1,"36":3,"37":3,"38":3,"39":3,"40":2,"41":1,"42":1,"43":1,"44":1,"45":1,"46":1,"47":1,"48":3,"49":3,"50":3,"51":3,"52":3,"53":2,"54":1,"55":1,"56":1,"57":1,"58":1,"59":1},"f":{"0":2,"1":2,"2":3,"3":3,"4":4,"5":4,"6":3,"7":3},"b":{"0":[1],"1":[1],"2":[1],"3":[1]}}
,"/Users/peytonhollenback/GitHub/Pi-Piper/backend/src/managers/managers.routes.ts": {"path":"/Users/peytonhollenback/GitHub/Pi-Piper/backend/src/managers/managers.routes.ts","statementMap":{"0":{"start":{"line":1,"column":0},"end":{"line":1,"column":33}},"1":{"start":{"line":2,"column":0},"end":{"line":2,"column":56}},"2":{"start":{"line":3,"column":24},"end":{"line":3,"column":52}},"3":{"start":{"line":4,"column":0},"end":{"line":4,"column":45}},"4":{"start":{"line":5,"column":0},"end":{"line":5,"column":48}},"5":{"start":{"line":6,"column":0},"end":{"line":6,"column":85}},"6":{"start":{"line":8,"column":15},"end":{"line":8,"column":23}},"7":{"start":{"line":11,"column":0},"end":{"line":11,"column":31}},"8":{"start":{"line":12,"column":0},"end":{"line":12,"column":26}},"9":{"start":{"line":15,"column":0},"end":{"line":18,"column":2}},"10":{"start":{"line":21,"column":0},"end":{"line":25,"column":2}},"11":{"start":{"line":28,"column":0},"end":{"line":32,"column":2}},"12":{"start":{"line":35,"column":0},"end":{"line":38,"column":2}},"13":{"start":{"line":40,"column":0},"end":{"line":40,"column":22}}},"fnMap":{},"branchMap":{},"s":{"0":1,"1":1,"2":1,"3":1,"4":1,"5":1,"6":1,"7":1,"8":1,"9":1,"10":1,"11":1,"12":1,"13":1},"f":{},"b":{}}
,"/Users/peytonhollenback/GitHub/Pi-Piper/backend/src/middleware/jwt.middleware.ts": {"path":"/Users/peytonhollenback/GitHub/Pi-Piper/backend/src/middleware/jwt.middleware.ts","statementMap":{"0":{"start":{"line":2,"column":0},"end":{"line":2,"column":31}},"1":{"start":{"line":3,"column":0},"end":{"line":3,"column":46}},"2":{"start":{"line":10,"column":25},"end":{"line":31,"column":1}},"3":{"start":{"line":11,"column":2},"end":{"line":30,"column":3}},"4":{"start":{"line":12,"column":18},"end":{"line":12,"column":58}},"5":{"start":{"line":14,"column":4},"end":{"line":16,"column":5}},"6":{"start":{"line":15,"column":6},"end":{"line":15,"column":68}},"7":{"start":{"line":18,"column":20},"end":{"line":18,"column":85}},"8":{"start":{"line":21,"column":4},"end":{"line":23,"column":5}},"9":{"start":{"line":22,"column":6},"end":{"line":22,"column":64}},"10":{"start":{"line":25,"column":4},"end":{"line":25,"column":23}},"11":{"start":{"line":26,"column":4},"end":{"line":26,"column":11}},"12":{"start":{"line":28,"column":4},"end":{"line":28,"column":71}},"13":{"start":{"line":29,"column":4},"end":{"line":29,"column":62}},"14":{"start":{"line":10,"column":13},"end":{"line":10,"column":25}}},"fnMap":{"0":{"name":"(anonymous_1)","decl":{"start":{"line":10,"column":25},"end":{"line":10,"column":26}},"loc":{"start":{"line":10,"column":81},"end":{"line":31,"column":1}}}},"branchMap":{"0":{"loc":{"start":{"line":12,"column":18},"end":{"line":12,"column":58}},"type":"cond-expr","locations":[{"start":{"line":12,"column":43},"end":{"line":12,"column":45}},{"start":{"line":12,"column":43},"end":{"line":12,"column":58}}]},"1":{"loc":{"start":{"line":12,"column":18},"end":{"line":12,"column":45}},"type":"binary-expr","locations":[{"start":{"line":12,"column":18},"end":{"line":12,"column":45}},{"start":{"line":12,"column":43},"end":{"line":12,"column":45}}]},"2":{"loc":{"start":{"line":14,"column":4},"end":{"line":16,"column":5}},"type":"if","locations":[{"start":{"line":14,"column":4},"end":{"line":16,"column":5}}]},"3":{"loc":{"start":{"line":21,"column":4},"end":{"line":23,"column":5}},"type":"if","locations":[{"start":{"line":21,"column":4},"end":{"line":23,"column":5}}]},"4":{"loc":{"start":{"line":21,"column":8},"end":{"line":21,"column":55}},"type":"binary-expr","locations":[{"start":{"line":21,"column":8},"end":{"line":21,"column":19}},{"start":{"line":21,"column":23},"end":{"line":21,"column":55}}]}},"s":{"0":1,"1":1,"2":1,"3":0,"4":0,"5":0,"6":0,"7":0,"8":0,"9":0,"10":0,"11":0,"12":0,"13":0,"14":1},"f":{"0":0},"b":{"0":[0,0],"1":[0,0],"2":[0],"3":[0],"4":[0,0]}}
,"/Users/peytonhollenback/GitHub/Pi-Piper/backend/src/middleware/winston.middleware.ts": {"path":"/Users/peytonhollenback/GitHub/Pi-Piper/backend/src/middleware/winston.middleware.ts","statementMap":{"0":{"start":{"line":8,"column":0},"end":{"line":8,"column":30}},"1":{"start":{"line":11,"column":13},"end":{"line":33,"column":3}},"2":{"start":{"line":36,"column":29},"end":{"line":46,"column":1}},"3":{"start":{"line":37,"column":2},"end":{"line":44,"column":5}},"4":{"start":{"line":45,"column":2},"end":{"line":45,"column":9}},"5":{"start":{"line":36,"column":13},"end":{"line":36,"column":29}},"6":{"start":{"line":49,"column":34},"end":{"line":63,"column":1}},"7":{"start":{"line":50,"column":16},"end":{"line":50,"column":26}},"8":{"start":{"line":52,"column":2},"end":{"line":60,"column":5}},"9":{"start":{"line":53,"column":21},"end":{"line":53,"column":39}},"10":{"start":{"line":54,"column":4},"end":{"line":59,"column":7}},"11":{"start":{"line":62,"column":2},"end":{"line":62,"column":9}},"12":{"start":{"line":49,"column":13},"end":{"line":49,"column":34}}},"fnMap":{"0":{"name":"(anonymous_1)","decl":{"start":{"line":36,"column":29},"end":{"line":36,"column":30}},"loc":{"start":{"line":36,"column":81},"end":{"line":46,"column":1}}},"1":{"name":"(anonymous_2)","decl":{"start":{"line":49,"column":34},"end":{"line":49,"column":35}},"loc":{"start":{"line":49,"column":86},"end":{"line":63,"column":1}}},"2":{"name":"(anonymous_3)","decl":{"start":{"line":52,"column":19},"end":{"line":52,"column":22}},"loc":{"start":{"line":52,"column":24},"end":{"line":60,"column":3}}}},"branchMap":{"0":{"loc":{"start":{"line":12,"column":9},"end":{"line":12,"column":40}},"type":"binary-expr","locations":[{"start":{"line":12,"column":9},"end":{"line":12,"column":30}},{"start":{"line":12,"column":34},"end":{"line":12,"column":40}}]},"1":{"loc":{"start":{"line":26,"column":8},"end":{"line":31,"column":10}},"type":"cond-expr","locations":[{"start":{"line":27,"column":8},"end":{"line":30,"column":null}},{"start":{"line":31,"column":8},"end":{"line":31,"column":10}}]},"2":{"loc":{"start":{"line":43,"column":10},"end":{"line":43,"column":78}},"type":"cond-expr","locations":[{"start":{"line":43,"column":58},"end":{"line":43,"column":66}},{"start":{"line":43,"column":69},"end":{"line":43,"column":78}}]},"3":{"loc":{"start":{"line":43,"column":10},"end":{"line":43,"column":55}},"type":"binary-expr","locations":[{"start":{"line":43,"column":10},"end":{"line":43,"column":31}},{"start":{"line":43,"column":35},"end":{"line":43,"column":55}}]}},"s":{"0":9,"1":9,"2":9,"3":42,"4":42,"5":9,"6":9,"7":42,"8":42,"9":42,"10":42,"11":42,"12":9},"f":{"0":42,"1":42,"2":42},"b":{"0":[9,9],"1":[0,9],"2":[17,25],"3":[42,32]}}
,"/Users/peytonhollenback/GitHub/Pi-Piper/backend/src/prepitems/prepitem.model.ts": {"path":"/Users/peytonhollenback/GitHub/Pi-Piper/backend/src/prepitems/prepitem.model.ts","statementMap":{"0":{"start":{"line":22,"column":19},"end":{"line":22,"column":47}},"1":{"start":{"line":25,"column":13},"end":{"line":68,"column":2}},"2":{"start":{"line":70,"column":13},"end":{"line":89,"column":null}}},"fnMap":{},"branchMap":{},"s":{"0":1,"1":1,"2":1},"f":{},"b":{}}
,"/Users/peytonhollenback/GitHub/Pi-Piper/backend/src/prepitems/prepitems.routes.ts": {"path":"/Users/peytonhollenback/GitHub/Pi-Piper/backend/src/prepitems/prepitems.routes.ts","statementMap":{"0":{"start":{"line":1,"column":0},"end":{"line":1,"column":33}},"1":{"start":{"line":2,"column":0},"end":{"line":2,"column":60}},"2":{"start":{"line":3,"column":0},"end":{"line":3,"column":70}},"3":{"start":{"line":4,"column":0},"end":{"line":4,"column":48}},"4":{"start":{"line":5,"column":0},"end":{"line":5,"column":85}},"5":{"start":{"line":6,"column":24},"end":{"line":6,"column":52}},"6":{"start":{"line":8,"column":15},"end":{"line":8,"column":23}},"7":{"start":{"line":10,"column":0},"end":{"line":10,"column":31}},"8":{"start":{"line":11,"column":0},"end":{"line":11,"column":26}},"9":{"start":{"line":13,"column":0},"end":{"line":17,"column":6}},"10":{"start":{"line":19,"column":0},"end":{"line":23,"column":6}},"11":{"start":{"line":25,"column":0},"end":{"line":30,"column":null}},"12":{"start":{"line":32,"column":0},"end":{"line":36,"column":null}},"13":{"start":{"line":38,"column":0},"end":{"line":43,"column":6}},"14":{"start":{"line":45,"column":0},"end":{"line":45,"column":22}}},"fnMap":{},"branchMap":{},"s":{"0":1,"1":1,"2":1,"3":1,"4":1,"5":1,"6":1,"7":1,"8":1,"9":1,"10":1,"11":1,"12":1,"13":1,"14":1},"f":{},"b":{}}
,"/Users/peytonhollenback/GitHub/Pi-Piper/backend/src/restaurants/restaurant.routes.ts": {"path":"/Users/peytonhollenback/GitHub/Pi-Piper/backend/src/restaurants/restaurant.routes.ts","statementMap":{"0":{"start":{"line":1,"column":0},"end":{"line":1,"column":33}},"1":{"start":{"line":2,"column":0},"end":{"line":2,"column":58}},"2":{"start":{"line":3,"column":0},"end":{"line":3,"column":48}},"3":{"start":{"line":4,"column":0},"end":{"line":4,"column":85}},"4":{"start":{"line":6,"column":15},"end":{"line":6,"column":23}},"5":{"start":{"line":8,"column":0},"end":{"line":8,"column":31}},"6":{"start":{"line":9,"column":0},"end":{"line":9,"column":26}},"7":{"start":{"line":11,"column":0},"end":{"line":13,"column":40}},"8":{"start":{"line":15,"column":0},"end":{"line":15,"column":22}}},"fnMap":{},"branchMap":{},"s":{"0":1,"1":1,"2":1,"3":1,"4":1,"5":1,"6":1,"7":1,"8":1},"f":{},"b":{}}
,"/Users/peytonhollenback/GitHub/Pi-Piper/backend/src/services/pg.connector.ts": {"path":"/Users/peytonhollenback/GitHub/Pi-Piper/backend/src/services/pg.connector.ts","statementMap":{"0":{"start":{"line":1,"column":0},"end":{"line":1,"column":41}},"1":{"start":{"line":2,"column":24},"end":{"line":2,"column":28}},"2":{"start":{"line":35,"column":9},"end":{"line":35,"column":13}},"3":{"start":{"line":4,"column":37},"end":{"line":33,"column":null}},"4":{"start":{"line":4,"column":63},"end":{"line":33,"column":null}},"5":{"start":{"line":5,"column":4},"end":{"line":32,"column":5}},"6":{"start":{"line":7,"column":8},"end":{"line":14,"column":11}},"7":{"start":{"line":16,"column":8},"end":{"line":16,"column":67}},"8":{"start":{"line":17,"column":8},"end":{"line":17,"column":86}},"9":{"start":{"line":19,"column":8},"end":{"line":28,"column":null}},"10":{"start":{"line":20,"column":12},"end":{"line":27,"column":13}},"11":{"start":{"line":21,"column":16},"end":{"line":21,"column":61}},"12":{"start":{"line":22,"column":16},"end":{"line":22,"column":67}},"13":{"start":{"line":25,"column":16},"end":{"line":25,"column":47}},"14":{"start":{"line":26,"column":16},"end":{"line":26,"column":37}},"15":{"start":{"line":30,"column":8},"end":{"line":30,"column":85}},"16":{"start":{"line":31,"column":8},"end":{"line":31,"column":53}},"17":{"start":{"line":4,"column":13},"end":{"line":4,"column":37}},"18":{"start":{"line":37,"column":23},"end":{"line":57,"column":null}},"19":{"start":{"line":37,"column":89},"end":{"line":57,"column":null}},"20":{"start":{"line":38,"column":4},"end":{"line":56,"column":5}},"21":{"start":{"line":39,"column":8},"end":{"line":41,"column":9}},"22":{"start":{"line":40,"column":12},"end":{"line":40,"column":42}},"23":{"start":{"line":43,"column":8},"end":{"line":51,"column":11}},"24":{"start":{"line":44,"column":12},"end":{"line":50,"column":15}},"25":{"start":{"line":45,"column":16},"end":{"line":49,"column":17}},"26":{"start":{"line":46,"column":20},"end":{"line":46,"column":34}},"27":{"start":{"line":48,"column":20},"end":{"line":48,"column":37}},"28":{"start":{"line":54,"column":8},"end":{"line":54,"column":68}},"29":{"start":{"line":55,"column":8},"end":{"line":55,"column":57}},"30":{"start":{"line":37,"column":13},"end":{"line":37,"column":23}}},"fnMap":{"0":{"name":"(anonymous_7)","decl":{"start":{"line":4,"column":37},"end":{"line":4,"column":61}},"loc":{"start":{"line":4,"column":63},"end":{"line":33,"column":null}}},"1":{"name":"(anonymous_8)","decl":{"start":{"line":4,"column":63},"end":{"line":4,"column":null}},"loc":{"start":{"line":4,"column":63},"end":{"line":33,"column":1}}},"2":{"name":"(anonymous_9)","decl":{"start":{"line":19,"column":27},"end":{"line":19,"column":28}},"loc":{"start":{"line":19,"column":57},"end":{"line":28,"column":9}}},"3":{"name":"(anonymous_10)","decl":{"start":{"line":37,"column":23},"end":{"line":37,"column":33}},"loc":{"start":{"line":37,"column":89},"end":{"line":57,"column":null}}},"4":{"name":"(anonymous_11)","decl":{"start":{"line":37,"column":89},"end":{"line":37,"column":null}},"loc":{"start":{"line":37,"column":89},"end":{"line":57,"column":1}}},"5":{"name":"(anonymous_12)","decl":{"start":{"line":43,"column":30},"end":{"line":43,"column":31}},"loc":{"start":{"line":43,"column":50},"end":{"line":51,"column":9}}},"6":{"name":"(anonymous_13)","decl":{"start":{"line":44,"column":39},"end":{"line":44,"column":40}},"loc":{"start":{"line":44,"column":68},"end":{"line":50,"column":13}}}},"branchMap":{"0":{"loc":{"start":{"line":20,"column":12},"end":{"line":27,"column":13}},"type":"if","locations":[{"start":{"line":20,"column":12},"end":{"line":27,"column":13}},{"start":{"line":24,"column":17},"end":{"line":27,"column":13}}]},"1":{"loc":{"start":{"line":39,"column":8},"end":{"line":41,"column":9}},"type":"if","locations":[{"start":{"line":39,"column":8},"end":{"line":41,"column":9}}]},"2":{"loc":{"start":{"line":45,"column":16},"end":{"line":49,"column":17}},"type":"if","locations":[{"start":{"line":45,"column":16},"end":{"line":49,"column":17}},{"start":{"line":47,"column":23},"end":{"line":49,"column":17}}]}},"s":{"0":9,"1":9,"2":9,"3":9,"4":0,"5":0,"6":0,"7":0,"8":0,"9":0,"10":0,"11":0,"12":0,"13":0,"14":0,"15":0,"16":0,"17":9,"18":9,"19":0,"20":0,"21":0,"22":0,"23":0,"24":0,"25":0,"26":0,"27":0,"28":0,"29":0,"30":9},"f":{"0":0,"1":0,"2":0,"3":0,"4":0,"5":0,"6":0},"b":{"0":[0,0],"1":[0],"2":[0,0]}}
,"/Users/peytonhollenback/GitHub/Pi-Piper/backend/src/users/user.model.ts": {"path":"/Users/peytonhollenback/GitHub/Pi-Piper/backend/src/users/user.model.ts","statementMap":{"0":{"start":{"line":14,"column":13},"end":{"line":68,"column":2}}},"fnMap":{},"branchMap":{},"s":{"0":1},"f":{},"b":{}}
,"/Users/peytonhollenback/GitHub/Pi-Piper/backend/src/users/users.routes.ts": {"path":"/Users/peytonhollenback/GitHub/Pi-Piper/backend/src/users/users.routes.ts","statementMap":{"0":{"start":{"line":1,"column":0},"end":{"line":1,"column":33}},"1":{"start":{"line":2,"column":0},"end":{"line":2,"column":53}},"2":{"start":{"line":3,"column":24},"end":{"line":3,"column":52}},"3":{"start":{"line":4,"column":0},"end":{"line":4,"column":42}},"4":{"start":{"line":5,"column":0},"end":{"line":5,"column":48}},"5":{"start":{"line":6,"column":0},"end":{"line":6,"column":85}},"6":{"start":{"line":8,"column":15},"end":{"line":8,"column":23}},"7":{"start":{"line":11,"column":0},"end":{"line":11,"column":31}},"8":{"start":{"line":12,"column":0},"end":{"line":12,"column":26}},"9":{"start":{"line":15,"column":0},"end":{"line":18,"column":2}},"10":{"start":{"line":21,"column":0},"end":{"line":25,"column":2}},"11":{"start":{"line":28,"column":0},"end":{"line":32,"column":2}},"12":{"start":{"line":35,"column":0},"end":{"line":38,"column":2}},"13":{"start":{"line":40,"column":0},"end":{"line":40,"column":22}}},"fnMap":{},"branchMap":{},"s":{"0":1,"1":1,"2":1,"3":1,"4":1,"5":1,"6":1,"7":1,"8":1,"9":1,"10":1,"11":1,"12":1,"13":1},"f":{},"b":{}}
,"/Users/peytonhollenback/GitHub/Pi-Piper/backend/src/util/asyncHandler.ts": {"path":"/Users/peytonhollenback/GitHub/Pi-Piper/backend/src/util/asyncHandler.ts","statementMap":{"0":{"start":{"line":15,"column":21},"end":{"line":19,"column":1}},"1":{"start":{"line":16,"column":4},"end":{"line":18,"column":6}},"2":{"start":{"line":17,"column":8},"end":{"line":17,"column":56}},"3":{"start":{"line":21,"column":0},"end":{"line":21,"column":28}}},"fnMap":{"0":{"name":"(anonymous_0)","decl":{"start":{"line":15,"column":21},"end":{"line":15,"column":22}},"loc":{"start":{"line":15,"column":95},"end":{"line":19,"column":1}}},"1":{"name":"(anonymous_1)","decl":{"start":{"line":16,"column":11},"end":{"line":16,"column":12}},"loc":{"start":{"line":16,"column":63},"end":{"line":18,"column":5}}}},"branchMap":{},"s":{"0":5,"1":21,"2":31,"3":5},"f":{"0":21,"1":31},"b":{}}
}
