TN:
SF:src/auth/auth.controller.ts
FN:19,(anonymous_8)
FN:19,(anonymous_9)
FNF:2
FNH:2
FNDA:3,(anonymous_8)
FNDA:3,(anonymous_9)
DA:2,1
DA:3,1
DA:4,1
DA:19,3
DA:20,3
DA:21,3
DA:24,3
DA:25,1
DA:26,1
DA:29,2
DA:34,2
DA:35,1
DA:36,1
DA:39,1
DA:40,1
DA:41,0
DA:42,0
DA:45,1
DA:54,0
DA:55,0
LF:20
LH:16
BRDA:24,0,0,1
BRDA:24,1,0,3
BRDA:24,1,1,2
BRDA:34,2,0,1
BRDA:40,3,0,0
BRF:5
BRH:4
end_of_record
TN:
SF:src/auth/auth.routes.ts
FN:14,(anonymous_0)
FNF:1
FNH:0
FNDA:0,(anonymous_0)
DA:1,1
DA:2,1
DA:3,1
DA:4,1
DA:7,1
DA:9,1
DA:10,1
DA:12,1
DA:14,1
DA:15,0
DA:18,1
LF:11
LH:10
BRF:0
BRH:0
end_of_record
TN:
SF:src/categories/category.routes.ts
FNF:0
FNH:0
DA:1,1
DA:2,1
DA:3,1
DA:5,1
DA:7,1
DA:8,1
DA:11,1
DA:14,1
LF:8
LH:8
BRF:0
BRH:0
end_of_record
TN:
SF:src/departments/department.routes.ts
FNF:0
FNH:0
DA:1,1
DA:2,1
DA:3,1
DA:5,1
DA:8,1
DA:9,1
DA:12,1
DA:13,1
DA:15,1
LF:9
LH:9
BRF:0
BRH:0
end_of_record
TN:
SF:src/groups/group.controller.ts
FN:7,(anonymous_16)
FN:7,(anonymous_17)
FN:24,(anonymous_18)
FN:46,(anonymous_19)
FN:46,(anonymous_20)
FNF:5
FNH:2
FNDA:0,(anonymous_16)
FNDA:0,(anonymous_17)
FNDA:0,(anonymous_18)
FNDA:2,(anonymous_19)
FNDA:2,(anonymous_20)
DA:2,1
DA:3,1
DA:5,1
DA:7,1
DA:8,0
DA:10,0
DA:11,0
DA:13,0
DA:14,0
DA:15,0
DA:18,0
DA:21,0
DA:24,0
DA:30,0
DA:31,0
DA:33,0
DA:34,0
DA:39,0
DA:46,2
DA:47,2
DA:48,2
DA:49,1
DA:51,1
LF:23
LH:9
BRDA:13,0,0,0
BRDA:13,1,0,0
BRDA:13,1,1,0
BRDA:13,1,2,0
BRDA:13,2,0,0
BRDA:13,2,1,0
BRDA:13,3,0,0
BRDA:13,3,1,0
BRDA:25,4,0,0
BRDA:25,4,1,0
BRDA:26,5,0,0
BRDA:26,5,1,0
BRF:12
BRH:0
end_of_record
TN:
SF:src/groups/group.dal.ts
FN:5,(anonymous_7)
FN:9,(anonymous_8)
FN:35,(anonymous_9)
FN:35,(anonymous_10)
FNF:4
FNH:0
FNDA:0,(anonymous_7)
FNDA:0,(anonymous_8)
FNDA:0,(anonymous_9)
FNDA:0,(anonymous_10)
DA:1,1
DA:3,1
DA:5,1
DA:9,0
DA:11,0
DA:16,0
DA:19,0
DA:20,0
DA:21,0
DA:32,0
DA:35,1
DA:36,0
LF:12
LH:4
BRDA:19,0,0,0
BRDA:25,1,0,0
BRDA:25,1,1,0
BRDA:26,2,0,0
BRDA:26,2,1,0
BRF:5
BRH:0
end_of_record
TN:
SF:src/groups/group.queries.ts
FNF:0
FNH:0
DA:1,1
LF:1
LH:1
BRF:0
BRH:0
end_of_record
TN:
SF:src/groups/group.routes.ts
FNF:0
FNH:0
DA:1,1
DA:2,1
DA:4,1
DA:6,1
DA:8,1
DA:9,1
DA:11,1
DA:12,1
DA:14,1
LF:9
LH:9
BRF:0
BRH:0
end_of_record
TN:
SF:src/ingredients/ingredient.model.ts
FNF:0
FNH:0
DA:20,1
DA:22,1
LF:2
LH:2
BRF:0
BRH:0
end_of_record
TN:
SF:src/ingredients/ingredient.routes.ts
FNF:0
FNH:0
DA:1,1
DA:2,1
DA:3,1
DA:4,1
DA:5,1
DA:6,1
DA:8,1
DA:11,1
DA:12,1
DA:15,1
DA:22,1
DA:29,1
DA:36,1
DA:43,1
DA:51,1
DA:59,1
DA:65,1
LF:17
LH:17
BRF:0
BRH:0
end_of_record
TN:
SF:src/managers/manager.model.ts
FNF:0
FNH:0
DA:14,1
LF:1
LH:1
BRF:0
BRH:0
end_of_record
TN:
SF:src/managers/managers.controller.ts
FN:7,(anonymous_16)
FN:7,(anonymous_17)
FN:22,(anonymous_18)
FN:22,(anonymous_19)
FN:43,(anonymous_20)
FN:43,(anonymous_21)
FN:70,(anonymous_22)
FN:70,(anonymous_23)
FNF:8
FNH:8
FNDA:2,(anonymous_16)
FNDA:2,(anonymous_17)
FNDA:3,(anonymous_18)
FNDA:3,(anonymous_19)
FNDA:4,(anonymous_20)
FNDA:4,(anonymous_21)
FNDA:3,(anonymous_22)
FNDA:3,(anonymous_23)
DA:2,1
DA:3,1
DA:4,1
DA:7,2
DA:8,2
DA:10,2
DA:11,2
DA:12,2
DA:13,1
DA:14,1
DA:16,1
DA:17,1
DA:22,3
DA:23,3
DA:25,3
DA:26,3
DA:27,1
DA:28,1
DA:31,2
DA:32,2
DA:33,2
DA:34,1
DA:35,1
DA:37,1
DA:38,1
DA:43,4
DA:44,4
DA:46,4
DA:47,4
DA:48,1
DA:49,1
DA:52,3
DA:53,3
DA:54,3
DA:55,3
DA:57,2
DA:58,1
DA:61,1
DA:62,1
DA:64,1
DA:65,1
DA:70,3
DA:71,3
DA:73,3
DA:74,3
DA:75,3
DA:77,2
DA:78,1
DA:81,1
DA:82,1
DA:84,1
DA:85,1
LF:52
LH:52
BRDA:26,0,0,1
BRDA:47,1,0,1
BRDA:57,2,0,1
BRDA:77,3,0,1
BRF:4
BRH:4
end_of_record
TN:
SF:src/managers/managers.routes.ts
FNF:0
FNH:0
DA:1,1
DA:2,1
DA:3,1
DA:4,1
DA:5,1
DA:6,1
DA:8,1
DA:11,1
DA:12,1
DA:15,1
DA:21,1
DA:28,1
DA:35,1
DA:40,1
LF:14
LH:14
BRF:0
BRH:0
end_of_record
TN:
SF:src/middleware/jwt.middleware.ts
FN:10,(anonymous_1)
FNF:1
FNH:0
FNDA:0,(anonymous_1)
DA:2,1
DA:3,1
DA:10,1
DA:11,0
DA:12,0
DA:14,0
DA:15,0
DA:18,0
DA:21,0
DA:22,0
DA:25,0
DA:26,0
DA:28,0
DA:29,0
LF:14
LH:3
BRDA:12,0,0,0
BRDA:12,0,1,0
BRDA:12,1,0,0
BRDA:12,1,1,0
BRDA:14,2,0,0
BRDA:21,3,0,0
BRDA:21,4,0,0
BRDA:21,4,1,0
BRF:8
BRH:0
end_of_record
TN:
SF:src/middleware/winston.middleware.ts
FN:36,(anonymous_1)
FN:49,(anonymous_2)
FN:52,(anonymous_3)
FNF:3
FNH:3
FNDA:42,(anonymous_1)
FNDA:42,(anonymous_2)
FNDA:42,(anonymous_3)
DA:8,9
DA:11,9
DA:36,9
DA:37,42
DA:45,42
DA:49,9
DA:50,42
DA:52,42
DA:53,42
DA:54,42
DA:62,42
LF:11
LH:11
BRDA:12,0,0,9
BRDA:12,0,1,9
BRDA:26,1,0,0
BRDA:26,1,1,9
BRDA:43,2,0,17
BRDA:43,2,1,25
BRDA:43,3,0,42
BRDA:43,3,1,32
BRF:8
BRH:7
end_of_record
TN:
SF:src/prepitems/prepitem.model.ts
FNF:0
FNH:0
DA:22,1
DA:25,1
DA:70,1
LF:3
LH:3
BRF:0
BRH:0
end_of_record
TN:
SF:src/prepitems/prepitems.routes.ts
FNF:0
FNH:0
DA:1,1
DA:2,1
DA:3,1
DA:4,1
DA:5,1
DA:6,1
DA:8,1
DA:10,1
DA:11,1
DA:13,1
DA:19,1
DA:25,1
DA:32,1
DA:38,1
DA:45,1
LF:15
LH:15
BRF:0
BRH:0
end_of_record
TN:
SF:src/restaurants/restaurant.routes.ts
FNF:0
FNH:0
DA:1,1
DA:2,1
DA:3,1
DA:4,1
DA:6,1
DA:8,1
DA:9,1
DA:11,1
DA:15,1
LF:9
LH:9
BRF:0
BRH:0
end_of_record
TN:
SF:src/services/pg.connector.ts
FN:4,(anonymous_7)
FN:4,(anonymous_8)
FN:19,(anonymous_9)
FN:37,(anonymous_10)
FN:37,(anonymous_11)
FN:43,(anonymous_12)
FN:44,(anonymous_13)
FNF:7
FNH:0
FNDA:0,(anonymous_7)
FNDA:0,(anonymous_8)
FNDA:0,(anonymous_9)
FNDA:0,(anonymous_10)
FNDA:0,(anonymous_11)
FNDA:0,(anonymous_12)
FNDA:0,(anonymous_13)
DA:1,9
DA:2,9
DA:4,9
DA:5,0
DA:7,0
DA:16,0
DA:17,0
DA:19,0
DA:20,0
DA:21,0
DA:22,0
DA:25,0
DA:26,0
DA:30,0
DA:31,0
DA:35,9
DA:37,9
DA:38,0
DA:39,0
DA:40,0
DA:43,0
DA:44,0
DA:45,0
DA:46,0
DA:48,0
DA:54,0
DA:55,0
LF:27
LH:5
BRDA:20,0,0,0
BRDA:20,0,1,0
BRDA:39,1,0,0
BRDA:45,2,0,0
BRDA:45,2,1,0
BRF:5
BRH:0
end_of_record
TN:
SF:src/users/user.model.ts
FNF:0
FNH:0
DA:14,1
LF:1
LH:1
BRF:0
BRH:0
end_of_record
TN:
SF:src/users/users.routes.ts
FNF:0
FNH:0
DA:1,1
DA:2,1
DA:3,1
DA:4,1
DA:5,1
DA:6,1
DA:8,1
DA:11,1
DA:12,1
DA:15,1
DA:21,1
DA:28,1
DA:35,1
DA:40,1
LF:14
LH:14
BRF:0
BRH:0
end_of_record
TN:
SF:src/util/asyncHandler.ts
FN:15,(anonymous_0)
FN:16,(anonymous_1)
FNF:2
FNH:2
FNDA:21,(anonymous_0)
FNDA:31,(anonymous_1)
DA:15,5
DA:16,21
DA:17,31
DA:21,5
LF:4
LH:4
BRF:0
BRH:0
end_of_record
