TN:
SF:src/app/components/InitialLogin/LoginForm.tsx
FN:7,LoginForm
FN:11,handleChange
FN:17,handleSubmit
FNF:3
FNH:3
FNDA:41,LoginForm
FNDA:17,handleChange
FNDA:12,handleSubmit
DA:1,1
DA:2,1
DA:3,1
DA:4,1
DA:5,1
DA:6,1
DA:7,1
DA:8,41
DA:9,41
DA:10,41
DA:11,41
DA:12,17
DA:13,17
DA:14,17
DA:15,17
DA:16,41
DA:17,41
DA:18,12
DA:19,12
DA:20,12
DA:21,12
DA:22,12
DA:23,1
DA:24,12
DA:25,4
DA:26,11
DA:27,2
DA:28,7
DA:29,1
DA:30,1
DA:31,12
DA:32,12
DA:33,12
DA:34,1
DA:35,12
DA:36,6
DA:37,11
DA:38,1
DA:39,5
DA:40,1
DA:41,1
DA:42,12
DA:43,12
DA:44,12
DA:45,12
DA:46,3
DA:47,3
DA:48,3
DA:49,12
DA:50,41
DA:51,41
DA:52,41
DA:53,41
DA:54,41
DA:55,41
DA:56,41
DA:57,41
DA:58,41
DA:59,41
DA:60,41
DA:61,41
DA:62,41
DA:63,41
DA:64,41
DA:65,41
DA:66,41
DA:67,41
DA:68,41
DA:69,41
DA:70,41
DA:71,41
DA:72,41
DA:73,41
DA:74,41
DA:75,41
DA:76,41
DA:77,41
DA:78,41
DA:79,41
DA:80,41
DA:81,41
DA:82,41
DA:83,41
DA:84,41
DA:85,41
DA:86,41
DA:87,41
DA:88,41
DA:89,41
DA:90,41
DA:91,41
DA:92,41
DA:93,41
DA:94,41
DA:95,41
DA:96,41
DA:97,41
DA:98,41
DA:99,41
DA:100,41
DA:101,41
DA:102,41
DA:103,41
LF:103
LH:103
BRDA:7,0,0,41
BRDA:11,1,0,17
BRDA:13,2,0,17
BRDA:14,3,0,17
BRDA:17,4,0,12
BRDA:22,5,0,1
BRDA:24,6,0,11
BRDA:24,7,0,4
BRDA:26,8,0,7
BRDA:26,9,0,2
BRDA:28,10,0,5
BRDA:28,11,0,1
BRDA:33,12,0,1
BRDA:35,13,0,11
BRDA:35,14,0,6
BRDA:37,15,0,5
BRDA:37,16,0,1
BRDA:39,17,0,4
BRDA:39,18,0,1
BRDA:45,19,0,4
BRDA:45,20,0,3
BRF:21
BRH:21
end_of_record
